{"name":"test 03 update team and verify","status":"failed","statusDetails":{"known":false,"muted":false,"flaky":false,"message":"expected:<raz@team.com> but was:<raz@somthing.com>","trace":"java.lang.AssertionError: expected:<raz@team.com> but was:<raz@somthing.com>\r\n\tat org.testng.AssertJUnit.assertEquals(AssertJUnit.java:101)\r\n\tat org.testng.AssertJUnit.assertEquals(AssertJUnit.java:108)\r\n\tat extentions.Verifications.verifyText(Verifications.java:57)\r\n\tat sanity.GrafanaAPI.test_03_update_team_and_verify(GrafanaAPI.java:29)\r\n\tat java.base/jdk.internal.reflect.NativeMethodAccessorImpl.invoke0(Native Method)\r\n\tat java.base/jdk.internal.reflect.NativeMethodAccessorImpl.invoke(NativeMethodAccessorImpl.java:62)\r\n\tat java.base/jdk.internal.reflect.DelegatingMethodAccessorImpl.invoke(DelegatingMethodAccessorImpl.java:43)\r\n\tat java.base/java.lang.reflect.Method.invoke(Method.java:567)\r\n\tat org.testng.internal.MethodInvocationHelper.invokeMethod(MethodInvocationHelper.java:124)\r\n\tat org.testng.internal.Invoker.invokeMethod(Invoker.java:583)\r\n\tat org.testng.internal.Invoker.invokeTestMethod(Invoker.java:719)\r\n\tat org.testng.internal.Invoker.invokeTestMethods(Invoker.java:989)\r\n\tat org.testng.internal.TestMethodWorker.invokeTestMethods(TestMethodWorker.java:125)\r\n\tat org.testng.internal.TestMethodWorker.run(TestMethodWorker.java:109)\r\n\tat org.testng.TestRunner.privateRun(TestRunner.java:648)\r\n\tat org.testng.TestRunner.run(TestRunner.java:505)\r\n\tat org.testng.SuiteRunner.runTest(SuiteRunner.java:455)\r\n\tat org.testng.SuiteRunner.runSequentially(SuiteRunner.java:450)\r\n\tat org.testng.SuiteRunner.privateRun(SuiteRunner.java:415)\r\n\tat org.testng.SuiteRunner.run(SuiteRunner.java:364)\r\n\tat org.testng.SuiteRunnerWorker.runSuite(SuiteRunnerWorker.java:52)\r\n\tat org.testng.SuiteRunnerWorker.run(SuiteRunnerWorker.java:84)\r\n\tat org.testng.TestNG.runSuitesSequentially(TestNG.java:1208)\r\n\tat org.testng.TestNG.runSuitesLocally(TestNG.java:1137)\r\n\tat org.testng.TestNG.runSuites(TestNG.java:1049)\r\n\tat org.testng.TestNG.run(TestNG.java:1017)\r\n\tat com.intellij.rt.testng.IDEARemoteTestNG.run(IDEARemoteTestNG.java:66)\r\n\tat com.intellij.rt.testng.RemoteTestNGStarter.main(RemoteTestNGStarter.java:109)\r\n"},"stage":"finished","description":"this test update team in grafana and verify it","steps":[{"name":"Business Flow: get team property","status":"passed","stage":"finished","steps":[{"name":"Get data from server","status":"passed","stage":"finished","steps":[],"attachments":[],"parameters":[{"name":"paramsValues","value":"/api/teams/search"}],"start":1630611914132,"stop":1630611915967},{"name":"extract value from JSON format","status":"passed","stage":"finished","steps":[],"attachments":[],"parameters":[{"name":"response","value":"io.restassured.internal.RestAssuredResponseImpl@18463720"},{"name":"path","value":"teams[1].id"}],"start":1630611915968,"stop":1630611917208}],"attachments":[],"parameters":[{"name":"jPath","value":"teams[1].id"}],"start":1630611914117,"stop":1630611917208},{"name":"Business Flow: update existing team grafana","status":"passed","stage":"finished","steps":[{"name":"Update Data in Server","status":"passed","stage":"finished","steps":[],"attachments":[],"parameters":[{"name":"params","value":"{\"name\":\"razteam\",\"email\":\"raz@somthing.com\"}"},{"name":"resource","value":"/api/teams6"}],"start":1630611917212,"stop":1630611917358}],"attachments":[],"parameters":[{"name":"name","value":"razteam"},{"name":"email","value":"raz@somthing.com"},{"name":"id","value":"6"}],"start":1630611917209,"stop":1630611917358},{"name":"Business Flow: get team property","status":"passed","stage":"finished","steps":[{"name":"Get data from server","status":"passed","stage":"finished","steps":[],"attachments":[],"parameters":[{"name":"paramsValues","value":"/api/teams/search"}],"start":1630611917359,"stop":1630611917409},{"name":"extract value from JSON format","status":"passed","stage":"finished","steps":[],"attachments":[],"parameters":[{"name":"response","value":"io.restassured.internal.RestAssuredResponseImpl@379b4e86"},{"name":"path","value":"teams[1].email"}],"start":1630611917410,"stop":1630611917437}],"attachments":[],"parameters":[{"name":"jPath","value":"teams[1].email"}],"start":1630611917358,"stop":1630611917437},{"name":"verify text with text","status":"failed","statusDetails":{"known":false,"muted":false,"flaky":false,"message":"expected:<raz@team.com> but was:<raz@somthing.com>","trace":"java.lang.AssertionError: expected:<raz@team.com> but was:<raz@somthing.com>\r\n\tat org.testng.AssertJUnit.assertEquals(AssertJUnit.java:101)\r\n\tat org.testng.AssertJUnit.assertEquals(AssertJUnit.java:108)\r\n\tat extentions.Verifications.verifyText(Verifications.java:57)\r\n\tat sanity.GrafanaAPI.test_03_update_team_and_verify(GrafanaAPI.java:29)\r\n\tat java.base/jdk.internal.reflect.NativeMethodAccessorImpl.invoke0(Native Method)\r\n\tat java.base/jdk.internal.reflect.NativeMethodAccessorImpl.invoke(NativeMethodAccessorImpl.java:62)\r\n\tat java.base/jdk.internal.reflect.DelegatingMethodAccessorImpl.invoke(DelegatingMethodAccessorImpl.java:43)\r\n\tat java.base/java.lang.reflect.Method.invoke(Method.java:567)\r\n\tat org.testng.internal.MethodInvocationHelper.invokeMethod(MethodInvocationHelper.java:124)\r\n\tat org.testng.internal.Invoker.invokeMethod(Invoker.java:583)\r\n\tat org.testng.internal.Invoker.invokeTestMethod(Invoker.java:719)\r\n\tat org.testng.internal.Invoker.invokeTestMethods(Invoker.java:989)\r\n\tat org.testng.internal.TestMethodWorker.invokeTestMethods(TestMethodWorker.java:125)\r\n\tat org.testng.internal.TestMethodWorker.run(TestMethodWorker.java:109)\r\n\tat org.testng.TestRunner.privateRun(TestRunner.java:648)\r\n\tat org.testng.TestRunner.run(TestRunner.java:505)\r\n\tat org.testng.SuiteRunner.runTest(SuiteRunner.java:455)\r\n\tat org.testng.SuiteRunner.runSequentially(SuiteRunner.java:450)\r\n\tat org.testng.SuiteRunner.privateRun(SuiteRunner.java:415)\r\n\tat org.testng.SuiteRunner.run(SuiteRunner.java:364)\r\n\tat org.testng.SuiteRunnerWorker.runSuite(SuiteRunnerWorker.java:52)\r\n\tat org.testng.SuiteRunnerWorker.run(SuiteRunnerWorker.java:84)\r\n\tat org.testng.TestNG.runSuitesSequentially(TestNG.java:1208)\r\n\tat org.testng.TestNG.runSuitesLocally(TestNG.java:1137)\r\n\tat org.testng.TestNG.runSuites(TestNG.java:1049)\r\n\tat org.testng.TestNG.run(TestNG.java:1017)\r\n\tat com.intellij.rt.testng.IDEARemoteTestNG.run(IDEARemoteTestNG.java:66)\r\n\tat com.intellij.rt.testng.RemoteTestNGStarter.main(RemoteTestNGStarter.java:109)\r\n"},"stage":"finished","steps":[],"attachments":[],"parameters":[{"name":"actual","value":"raz@team.com"},{"name":"expected","value":"raz@somthing.com"}],"start":1630611917474,"stop":1630611917480}],"attachments":[],"parameters":[],"start":1630611913995,"stop":1630611917484,"uuid":"322b3e7e-b276-4cf4-bc3c-8be349876c71","historyId":"c823dbe81704f5f863819b6852813232","fullName":"sanity.GrafanaAPI.test_03_update_team_and_verify","labels":[{"name":"package","value":"sanity.GrafanaAPI"},{"name":"testClass","value":"sanity.GrafanaAPI"},{"name":"testMethod","value":"test_03_update_team_and_verify"},{"name":"parentSuite","value":"Default Suite"},{"name":"suite","value":"MyProject"},{"name":"subSuite","value":"sanity.GrafanaAPI"},{"name":"host","value":"DESKTOP-41C72QF"},{"name":"thread","value":"2924@DESKTOP-41C72QF.main(1)"},{"name":"framework","value":"testng"},{"name":"language","value":"java"}],"links":[]}